  acceleration.cpp
  game.cpp
C:\Users\jarbe\Documents\cse230\CSE230W02\wk4\lab04ApolloVisuals\230.03.Lab.GLDemo\thrust.h(28,14): error C2061: syntax error: identifier 'UI'
C:\Users\jarbe\Documents\cse230\CSE230W02\wk4\lab04ApolloVisuals\230.03.Lab.GLDemo\velocity.h(14,1): error C2236: unexpected token 'class'. Did you forget a ';'?
C:\Users\jarbe\Documents\cse230\CSE230W02\wk4\lab04ApolloVisuals\230.03.Lab.GLDemo\velocity.h(16,1): error C2059: syntax error: '{'
C:\Users\jarbe\Documents\cse230\CSE230W02\wk4\lab04ApolloVisuals\230.03.Lab.GLDemo\velocity.h(16,1): error C2143: syntax error: missing ';' before '{'
C:\Users\jarbe\Documents\cse230\CSE230W02\wk4\lab04ApolloVisuals\230.03.Lab.GLDemo\velocity.h(16,1): error C2447: '{': missing function header (old-style formal list?)
C:\Users\jarbe\Documents\cse230\CSE230W02\wk4\lab04ApolloVisuals\230.03.Lab.GLDemo\lander.h(41,11): error C3646: 'v': unknown override specifier
C:\Users\jarbe\Documents\cse230\CSE230W02\wk4\lab04ApolloVisuals\230.03.Lab.GLDemo\lander.h(41,12): error C4430: missing type specifier - int assumed. Note: C++ does not support default-int
C:\Users\jarbe\Documents\cse230\CSE230W02\wk4\lab04ApolloVisuals\230.03.Lab.GLDemo\game.cpp(19,25): error C3806: ',': unexpected token, expected either a '{' or a member-initializer
C:\Users\jarbe\Documents\cse230\CSE230W02\wk4\lab04ApolloVisuals\230.03.Lab.GLDemo\game.cpp(18,8): error C2665: 'Sky::Sky': no overloaded function could convert all the argument types
C:\Users\jarbe\Documents\cse230\CSE230W02\wk4\lab04ApolloVisuals\230.03.Lab.GLDemo\sky.h(28,1): message : could be 'Sky::Sky(Sky &&)'
C:\Users\jarbe\Documents\cse230\CSE230W02\wk4\lab04ApolloVisuals\230.03.Lab.GLDemo\game.cpp(18,8): message : 'Sky::Sky(Sky &&)': cannot convert argument 1 from 'Point' to 'Sky &&'
C:\Users\jarbe\Documents\cse230\CSE230W02\wk4\lab04ApolloVisuals\230.03.Lab.GLDemo\game.cpp(18,9): message : Reason: cannot convert from 'Point' to 'Sky'
C:\Users\jarbe\Documents\cse230\CSE230W02\wk4\lab04ApolloVisuals\230.03.Lab.GLDemo\game.cpp(18,9): message : No user-defined-conversion operator available that can perform this conversion, or the operator cannot be called
C:\Users\jarbe\Documents\cse230\CSE230W02\wk4\lab04ApolloVisuals\230.03.Lab.GLDemo\sky.h(28,1): message : or       'Sky::Sky(const Sky &)'
C:\Users\jarbe\Documents\cse230\CSE230W02\wk4\lab04ApolloVisuals\230.03.Lab.GLDemo\game.cpp(18,8): message : 'Sky::Sky(const Sky &)': cannot convert argument 1 from 'Point' to 'const Sky &'
C:\Users\jarbe\Documents\cse230\CSE230W02\wk4\lab04ApolloVisuals\230.03.Lab.GLDemo\game.cpp(18,9): message : Reason: cannot convert from 'Point' to 'const Sky'
C:\Users\jarbe\Documents\cse230\CSE230W02\wk4\lab04ApolloVisuals\230.03.Lab.GLDemo\game.cpp(18,9): message : No user-defined-conversion operator available that can perform this conversion, or the operator cannot be called
C:\Users\jarbe\Documents\cse230\CSE230W02\wk4\lab04ApolloVisuals\230.03.Lab.GLDemo\game.cpp(18,8): message : while trying to match the argument list '(Point)'
  lander.cpp
C:\Users\jarbe\Documents\cse230\CSE230W02\wk4\lab04ApolloVisuals\230.03.Lab.GLDemo\thrust.h(28,14): error C2061: syntax error: identifier 'UI'
C:\Users\jarbe\Documents\cse230\CSE230W02\wk4\lab04ApolloVisuals\230.03.Lab.GLDemo\velocity.h(14,1): error C2236: unexpected token 'class'. Did you forget a ';'?
C:\Users\jarbe\Documents\cse230\CSE230W02\wk4\lab04ApolloVisuals\230.03.Lab.GLDemo\velocity.h(16,1): error C2059: syntax error: '{'
C:\Users\jarbe\Documents\cse230\CSE230W02\wk4\lab04ApolloVisuals\230.03.Lab.GLDemo\velocity.h(16,1): error C2143: syntax error: missing ';' before '{'
C:\Users\jarbe\Documents\cse230\CSE230W02\wk4\lab04ApolloVisuals\230.03.Lab.GLDemo\velocity.h(16,1): error C2447: '{': missing function header (old-style formal list?)
C:\Users\jarbe\Documents\cse230\CSE230W02\wk4\lab04ApolloVisuals\230.03.Lab.GLDemo\lander.h(41,11): error C3646: 'v': unknown override specifier
C:\Users\jarbe\Documents\cse230\CSE230W02\wk4\lab04ApolloVisuals\230.03.Lab.GLDemo\lander.h(41,12): error C4430: missing type specifier - int assumed. Note: C++ does not support default-int
C:\Users\jarbe\Documents\cse230\CSE230W02\wk4\lab04ApolloVisuals\230.03.Lab.GLDemo\lander.cpp(31,14): error C2511: 'void Lander::draw(Thrust &,ogstream) const': overloaded member function not found in 'Lander'
C:\Users\jarbe\Documents\cse230\CSE230W02\wk4\lab04ApolloVisuals\230.03.Lab.GLDemo\lander.h(25,7): message : see declaration of 'Lander'
  main.cpp
  sky.cpp
  star.cpp
  status.cpp
C:\Users\jarbe\Documents\cse230\CSE230W02\wk4\lab04ApolloVisuals\230.03.Lab.GLDemo\thrust.h(28,14): error C2061: syntax error: identifier 'UI'
C:\Users\jarbe\Documents\cse230\CSE230W02\wk4\lab04ApolloVisuals\230.03.Lab.GLDemo\velocity.h(14,1): error C2236: unexpected token 'class'. Did you forget a ';'?
C:\Users\jarbe\Documents\cse230\CSE230W02\wk4\lab04ApolloVisuals\230.03.Lab.GLDemo\velocity.h(16,1): error C2059: syntax error: '{'
C:\Users\jarbe\Documents\cse230\CSE230W02\wk4\lab04ApolloVisuals\230.03.Lab.GLDemo\velocity.h(16,1): error C2143: syntax error: missing ';' before '{'
C:\Users\jarbe\Documents\cse230\CSE230W02\wk4\lab04ApolloVisuals\230.03.Lab.GLDemo\velocity.h(16,1): error C2447: '{': missing function header (old-style formal list?)
C:\Users\jarbe\Documents\cse230\CSE230W02\wk4\lab04ApolloVisuals\230.03.Lab.GLDemo\lander.h(39,9): error C3646: 'status': unknown override specifier
C:\Users\jarbe\Documents\cse230\CSE230W02\wk4\lab04ApolloVisuals\230.03.Lab.GLDemo\lander.h(39,15): error C4430: missing type specifier - int assumed. Note: C++ does not support default-int
C:\Users\jarbe\Documents\cse230\CSE230W02\wk4\lab04ApolloVisuals\230.03.Lab.GLDemo\lander.h(41,11): error C3646: 'v': unknown override specifier
C:\Users\jarbe\Documents\cse230\CSE230W02\wk4\lab04ApolloVisuals\230.03.Lab.GLDemo\lander.h(41,12): error C4430: missing type specifier - int assumed. Note: C++ does not support default-int
  thrust.cpp
C:\Users\jarbe\Documents\cse230\CSE230W02\wk4\lab04ApolloVisuals\230.03.Lab.GLDemo\thrust.h(28,14): error C2061: syntax error: identifier 'UI'
C:\Users\jarbe\Documents\cse230\CSE230W02\wk4\lab04ApolloVisuals\230.03.Lab.GLDemo\thrust.cpp(13,11): error C2533: 'Thrust::{ctor}': constructors not allowed a return type
C:\Users\jarbe\Documents\cse230\CSE230W02\wk4\lab04ApolloVisuals\230.03.Lab.GLDemo\thrust.cpp(43,22): error C2761: 'void Thrust::set(void)': redeclaration of member is not allowed
C:\Users\jarbe\Documents\cse230\CSE230W02\wk4\lab04ApolloVisuals\230.03.Lab.GLDemo\thrust.cpp(43,20): error C2065: 'UI': undeclared identifier
C:\Users\jarbe\Documents\cse230\CSE230W02\wk4\lab04ApolloVisuals\230.03.Lab.GLDemo\thrust.cpp(44,1): error C2143: syntax error: missing ';' before '{'
C:\Users\jarbe\Documents\cse230\CSE230W02\wk4\lab04ApolloVisuals\230.03.Lab.GLDemo\thrust.cpp(45,1): error C2059: syntax error: '}'
C:\Users\jarbe\Documents\cse230\CSE230W02\wk4\lab04ApolloVisuals\230.03.Lab.GLDemo\thrust.cpp(45,1): error C2143: syntax error: missing ';' before '}'
  velocity.cpp
  Generating Code...
C:\Users\jarbe\Documents\cse230\CSE230W02\wk4\lab04ApolloVisuals\230.03.Lab.GLDemo\velocity.cpp(26): error C4716: 'Velocity::getDX': must return a value
C:\Users\jarbe\Documents\cse230\CSE230W02\wk4\lab04ApolloVisuals\230.03.Lab.GLDemo\velocity.cpp(31): error C4716: 'Velocity::getDY': must return a value
C:\Users\jarbe\Documents\cse230\CSE230W02\wk4\lab04ApolloVisuals\230.03.Lab.GLDemo\velocity.cpp(36): error C4716: 'Velocity::getSpeed': must return a value
